<?xml version="1.0" encoding="UTF-8"?>
<!-- Generated by org.testng.reporters.JUnitReportReporter -->
<testsuite name="testng.DataTest" tests="5" time="0.015" ignored="1" failures="0" timestamp="11 二月 2017 13:57:06 GMT" skipped="0" hostname="PC-ZidaneS" errors="0">
  <testcase name="被依赖方法1" time="0.002" classname="testng.DataTest"/>
  <testcase name="f" time="0.002" classname="testng.DataTest"/>
  <testcase name="依赖别人的方法" time="0.001" classname="testng.DataTest"/>
  <testcase name="f" time="0.008" classname="testng.DataTest"/>
  <testcase name="被依赖方法0" time="0.002" classname="testng.DataTest"/>
  <testcase name="disableFunc" classname="testng.DataTest">
    <skipped/>
  </testcase> <!-- disableFunc -->
</testsuite> <!-- testng.DataTest -->
