<?xml version="1.0" encoding="UTF-8"?>
<!-- Generated by org.testng.reporters.JUnitReportReporter -->
<testsuite name="testng.DataProviderTest" tests="5" time="0.014" ignored="0" failures="0" timestamp="11 二月 2017 14:13:42 GMT" skipped="0" hostname="PC-ZidaneS" errors="0">
  <testcase name="test2" time="0.001" classname="testng.DataProviderTest"/>
  <testcase name="test2" time="0.002" classname="testng.DataProviderTest"/>
  <testcase name="test2" time="0.002" classname="testng.DataProviderTest"/>
  <testcase name="test1" time="0.008" classname="testng.DataProviderTest"/>
  <testcase name="test2" time="0.001" classname="testng.DataProviderTest"/>
</testsuite> <!-- testng.DataProviderTest -->
