<?xml version="1.0" encoding="UTF-8"?>
<!-- Generated by org.testng.reporters.JUnitReportReporter -->
<testsuite name="testng.FactoryTest_PartII" tests="2" time="0.015" ignored="0" failures="0" timestamp="08 二月 2017 08:20:34 GMT" skipped="0" hostname="QiuZidanes-MacBookAir.local" errors="0">
  <testcase name="test1" time="0.002" classname="testng.FactoryTest_PartII"/>
  <testcase name="test1" time="0.013" classname="testng.FactoryTest_PartII"/>
</testsuite> <!-- testng.FactoryTest_PartII -->
