<?xml version="1.0" encoding="UTF-8"?>
<!-- Generated by org.testng.reporters.JUnitReportReporter -->
<testsuite name="testng.TestngFactoryTest" tests="20" time="0.032" ignored="0" failures="0" timestamp="08 二月 2017 07:35:30 GMT" skipped="0" hostname="QiuZidanes-MacBookAir.local" errors="0">
  <testcase name="testServer1" time="0.013" classname="testng.TestngFactoryTest"/>
  <testcase name="testServer1" time="0.001" classname="testng.TestngFactoryTest"/>
  <testcase name="testServer2" time="0.001" classname="testng.TestngFactoryTest"/>
  <testcase name="testServer2" time="0.001" classname="testng.TestngFactoryTest"/>
  <testcase name="testServer2" time="0.001" classname="testng.TestngFactoryTest"/>
  <testcase name="testServer2" time="0.001" classname="testng.TestngFactoryTest"/>
  <testcase name="testServer2" time="0.001" classname="testng.TestngFactoryTest"/>
  <testcase name="testServer1" time="0.001" classname="testng.TestngFactoryTest"/>
  <testcase name="testServer1" time="0.001" classname="testng.TestngFactoryTest"/>
  <testcase name="testServer2" time="0.000" classname="testng.TestngFactoryTest"/>
  <testcase name="testServer1" time="0.001" classname="testng.TestngFactoryTest"/>
  <testcase name="testServer1" time="0.001" classname="testng.TestngFactoryTest"/>
  <testcase name="testServer1" time="0.001" classname="testng.TestngFactoryTest"/>
  <testcase name="testServer1" time="0.001" classname="testng.TestngFactoryTest"/>
  <testcase name="testServer2" time="0.001" classname="testng.TestngFactoryTest"/>
  <testcase name="testServer2" time="0.002" classname="testng.TestngFactoryTest"/>
  <testcase name="testServer1" time="0.001" classname="testng.TestngFactoryTest"/>
  <testcase name="testServer1" time="0.001" classname="testng.TestngFactoryTest"/>
  <testcase name="testServer2" time="0.001" classname="testng.TestngFactoryTest"/>
  <testcase name="testServer2" time="0.001" classname="testng.TestngFactoryTest"/>
</testsuite> <!-- testng.TestngFactoryTest -->
